<?xml version="1.0" encoding="UTF-8"?>
<testsuite xmlns:xsi="http://www.w3.org/2001/XMLSchema-instance" xsi:noNamespaceSchemaLocation="https://maven.apache.org/surefire/maven-surefire-plugin/xsd/surefire-test-report-3.0.xsd" version="3.0" name="org.hibernate.bugs.ORMStandaloneTestCase" time="0.021" tests="1" errors="0" skipped="0" failures="0">
  <properties>
    <property name="java.specification.version" value="17"/>
    <property name="sun.cpu.isalist" value="amd64"/>
    <property name="sun.jnu.encoding" value="Cp1252"/>
    <property name="java.class.path" value="E:\projects\hibernate-test-case-templates\orm\hibernate-orm-6\target\test-classes;E:\projects\hibernate-test-case-templates\orm\hibernate-orm-6\target\classes;g:\maven-repo\.m2\repository\org\hibernate\orm\hibernate-core\6.3.1.Final\hibernate-core-6.3.1.Final.jar;g:\maven-repo\.m2\repository\jakarta\persistence\jakarta.persistence-api\3.1.0\jakarta.persistence-api-3.1.0.jar;g:\maven-repo\.m2\repository\jakarta\transaction\jakarta.transaction-api\2.0.1\jakarta.transaction-api-2.0.1.jar;g:\maven-repo\.m2\repository\org\jboss\logging\jboss-logging\3.5.0.Final\jboss-logging-3.5.0.Final.jar;g:\maven-repo\.m2\repository\org\hibernate\common\hibernate-commons-annotations\6.0.6.Final\hibernate-commons-annotations-6.0.6.Final.jar;g:\maven-repo\.m2\repository\io\smallrye\jandex\3.1.2\jandex-3.1.2.jar;g:\maven-repo\.m2\repository\com\fasterxml\classmate\1.5.1\classmate-1.5.1.jar;g:\maven-repo\.m2\repository\net\bytebuddy\byte-buddy\1.14.7\byte-buddy-1.14.7.jar;g:\maven-repo\.m2\repository\jakarta\xml\bind\jakarta.xml.bind-api\4.0.0\jakarta.xml.bind-api-4.0.0.jar;g:\maven-repo\.m2\repository\jakarta\activation\jakarta.activation-api\2.1.0\jakarta.activation-api-2.1.0.jar;g:\maven-repo\.m2\repository\org\glassfish\jaxb\jaxb-runtime\4.0.2\jaxb-runtime-4.0.2.jar;g:\maven-repo\.m2\repository\org\glassfish\jaxb\jaxb-core\4.0.2\jaxb-core-4.0.2.jar;g:\maven-repo\.m2\repository\org\eclipse\angus\angus-activation\2.0.0\angus-activation-2.0.0.jar;g:\maven-repo\.m2\repository\org\glassfish\jaxb\txw2\4.0.2\txw2-4.0.2.jar;g:\maven-repo\.m2\repository\com\sun\istack\istack-commons-runtime\4.1.1\istack-commons-runtime-4.1.1.jar;g:\maven-repo\.m2\repository\jakarta\inject\jakarta.inject-api\2.0.1\jakarta.inject-api-2.0.1.jar;g:\maven-repo\.m2\repository\org\antlr\antlr4-runtime\4.10.1\antlr4-runtime-4.10.1.jar;g:\maven-repo\.m2\repository\org\hibernate\orm\hibernate-testing\6.3.1.Final\hibernate-testing-6.3.1.Final.jar;g:\maven-repo\.m2\repository\org\hibernate\orm\hibernate-community-dialects\6.3.1.Final\hibernate-community-dialects-6.3.1.Final.jar;g:\maven-repo\.m2\repository\org\junit\jupiter\junit-jupiter-api\5.9.2\junit-jupiter-api-5.9.2.jar;g:\maven-repo\.m2\repository\org\opentest4j\opentest4j\1.2.0\opentest4j-1.2.0.jar;g:\maven-repo\.m2\repository\org\junit\platform\junit-platform-commons\1.9.2\junit-platform-commons-1.9.2.jar;g:\maven-repo\.m2\repository\org\apiguardian\apiguardian-api\1.1.2\apiguardian-api-1.1.2.jar;g:\maven-repo\.m2\repository\org\junit\jupiter\junit-jupiter-params\5.9.2\junit-jupiter-params-5.9.2.jar;g:\maven-repo\.m2\repository\org\hamcrest\hamcrest-all\1.3\hamcrest-all-1.3.jar;g:\maven-repo\.m2\repository\org\assertj\assertj-core\3.22.0\assertj-core-3.22.0.jar;g:\maven-repo\.m2\repository\org\mockito\mockito-core\5.2.0\mockito-core-5.2.0.jar;g:\maven-repo\.m2\repository\net\bytebuddy\byte-buddy-agent\1.14.1\byte-buddy-agent-1.14.1.jar;g:\maven-repo\.m2\repository\org\objenesis\objenesis\3.3\objenesis-3.3.jar;g:\maven-repo\.m2\repository\org\mockito\mockito-inline\5.2.0\mockito-inline-5.2.0.jar;g:\maven-repo\.m2\repository\org\jboss\byteman\byteman\4.0.20\byteman-4.0.20.jar;g:\maven-repo\.m2\repository\org\jboss\byteman\byteman-install\4.0.20\byteman-install-4.0.20.jar;g:\maven-repo\.m2\repository\org\jboss\byteman\byteman-bmunit\4.0.20\byteman-bmunit-4.0.20.jar;g:\maven-repo\.m2\repository\org\jboss\byteman\byteman-submit\4.0.20\byteman-submit-4.0.20.jar;g:\maven-repo\.m2\repository\com\experlog\xapool\1.5.0\xapool-1.5.0.jar;g:\maven-repo\.m2\repository\org\jboss\jboss-transaction-spi\8.0.0.Final\jboss-transaction-spi-8.0.0.Final.jar;g:\maven-repo\.m2\repository\org\jboss\narayana\jta\narayana-jta\7.0.0.Final\narayana-jta-7.0.0.Final.jar;g:\maven-repo\.m2\repository\javax\money\money-api\1.0.1\money-api-1.0.1.jar;g:\maven-repo\.m2\repository\org\javamoney\moneta\1.1\moneta-1.1.jar;g:\maven-repo\.m2\repository\javax\annotation\javax.annotation-api\1.2\javax.annotation-api-1.2.jar;g:\maven-repo\.m2\repository\org\apache\logging\log4j\log4j-core\2.17.1\log4j-core-2.17.1.jar;g:\maven-repo\.m2\repository\org\apache\logging\log4j\log4j-api\2.17.1\log4j-api-2.17.1.jar;g:\maven-repo\.m2\repository\org\wildfly\transaction\wildfly-transaction-client-jakarta\2.0.0.Final\wildfly-transaction-client-jakarta-2.0.0.Final.jar;g:\maven-repo\.m2\repository\org\wildfly\common\wildfly-common\1.2.0.Final\wildfly-common-1.2.0.Final.jar;g:\maven-repo\.m2\repository\org\jboss\xnio\xnio-api\3.5.1.Final\xnio-api-3.5.1.Final.jar;g:\maven-repo\.m2\repository\org\wildfly\client\wildfly-client-config\1.0.0.Final\wildfly-client-config-1.0.0.Final.jar;g:\maven-repo\.m2\repository\org\jboss\remoting\jboss-remoting\5.0.0.Final\jboss-remoting-5.0.0.Final.jar;g:\maven-repo\.m2\repository\org\wildfly\security\wildfly-elytron\1.1.0.Final\wildfly-elytron-1.1.0.Final.jar;g:\maven-repo\.m2\repository\org\wildfly\wildfly-naming-client\1.0.4.Final\wildfly-naming-client-1.0.4.Final.jar;g:\maven-repo\.m2\repository\org\jboss\marshalling\jboss-marshalling\2.0.0.Final\jboss-marshalling-2.0.0.Final.jar;g:\maven-repo\.m2\repository\org\jboss\marshalling\jboss-marshalling-river\2.0.0.Final\jboss-marshalling-river-2.0.0.Final.jar;g:\maven-repo\.m2\repository\jakarta\resource\jakarta.resource-api\2.0.0\jakarta.resource-api-2.0.0.jar;g:\maven-repo\.m2\repository\jakarta\annotation\jakarta.annotation-api\2.0.0\jakarta.annotation-api-2.0.0.jar;g:\maven-repo\.m2\repository\com\h2database\h2\2.2.224\h2-2.2.224.jar;g:\maven-repo\.m2\repository\junit\junit\4.13.2\junit-4.13.2.jar;g:\maven-repo\.m2\repository\org\hamcrest\hamcrest-core\1.3\hamcrest-core-1.3.jar;"/>
    <property name="java.vm.vendor" value="Oracle Corporation"/>
    <property name="sun.arch.data.model" value="64"/>
    <property name="user.variant" value=""/>
    <property name="java.vendor.url" value="https://java.oracle.com/"/>
    <property name="user.timezone" value="Europe/Zagreb"/>
    <property name="os.name" value="Windows 10"/>
    <property name="java.vm.specification.version" value="17"/>
    <property name="sun.java.launcher" value="SUN_STANDARD"/>
    <property name="user.country" value="US"/>
    <property name="sun.boot.library.path" value="C:\Program Files\Java\jdk17\bin"/>
    <property name="sun.java.command" value="C:\TMP\HLO\surefire11711440421280442139\surefirebooter-20231010192633811_3.jar C:\TMP\HLO\surefire11711440421280442139 2023-10-10T19-26-33_641-jvmRun1 surefire-20231010192633811_1tmp surefire_0-20231010192633811_2tmp"/>
    <property name="jdk.debug" value="release"/>
    <property name="surefire.test.class.path" value="E:\projects\hibernate-test-case-templates\orm\hibernate-orm-6\target\test-classes;E:\projects\hibernate-test-case-templates\orm\hibernate-orm-6\target\classes;g:\maven-repo\.m2\repository\org\hibernate\orm\hibernate-core\6.3.1.Final\hibernate-core-6.3.1.Final.jar;g:\maven-repo\.m2\repository\jakarta\persistence\jakarta.persistence-api\3.1.0\jakarta.persistence-api-3.1.0.jar;g:\maven-repo\.m2\repository\jakarta\transaction\jakarta.transaction-api\2.0.1\jakarta.transaction-api-2.0.1.jar;g:\maven-repo\.m2\repository\org\jboss\logging\jboss-logging\3.5.0.Final\jboss-logging-3.5.0.Final.jar;g:\maven-repo\.m2\repository\org\hibernate\common\hibernate-commons-annotations\6.0.6.Final\hibernate-commons-annotations-6.0.6.Final.jar;g:\maven-repo\.m2\repository\io\smallrye\jandex\3.1.2\jandex-3.1.2.jar;g:\maven-repo\.m2\repository\com\fasterxml\classmate\1.5.1\classmate-1.5.1.jar;g:\maven-repo\.m2\repository\net\bytebuddy\byte-buddy\1.14.7\byte-buddy-1.14.7.jar;g:\maven-repo\.m2\repository\jakarta\xml\bind\jakarta.xml.bind-api\4.0.0\jakarta.xml.bind-api-4.0.0.jar;g:\maven-repo\.m2\repository\jakarta\activation\jakarta.activation-api\2.1.0\jakarta.activation-api-2.1.0.jar;g:\maven-repo\.m2\repository\org\glassfish\jaxb\jaxb-runtime\4.0.2\jaxb-runtime-4.0.2.jar;g:\maven-repo\.m2\repository\org\glassfish\jaxb\jaxb-core\4.0.2\jaxb-core-4.0.2.jar;g:\maven-repo\.m2\repository\org\eclipse\angus\angus-activation\2.0.0\angus-activation-2.0.0.jar;g:\maven-repo\.m2\repository\org\glassfish\jaxb\txw2\4.0.2\txw2-4.0.2.jar;g:\maven-repo\.m2\repository\com\sun\istack\istack-commons-runtime\4.1.1\istack-commons-runtime-4.1.1.jar;g:\maven-repo\.m2\repository\jakarta\inject\jakarta.inject-api\2.0.1\jakarta.inject-api-2.0.1.jar;g:\maven-repo\.m2\repository\org\antlr\antlr4-runtime\4.10.1\antlr4-runtime-4.10.1.jar;g:\maven-repo\.m2\repository\org\hibernate\orm\hibernate-testing\6.3.1.Final\hibernate-testing-6.3.1.Final.jar;g:\maven-repo\.m2\repository\org\hibernate\orm\hibernate-community-dialects\6.3.1.Final\hibernate-community-dialects-6.3.1.Final.jar;g:\maven-repo\.m2\repository\org\junit\jupiter\junit-jupiter-api\5.9.2\junit-jupiter-api-5.9.2.jar;g:\maven-repo\.m2\repository\org\opentest4j\opentest4j\1.2.0\opentest4j-1.2.0.jar;g:\maven-repo\.m2\repository\org\junit\platform\junit-platform-commons\1.9.2\junit-platform-commons-1.9.2.jar;g:\maven-repo\.m2\repository\org\apiguardian\apiguardian-api\1.1.2\apiguardian-api-1.1.2.jar;g:\maven-repo\.m2\repository\org\junit\jupiter\junit-jupiter-params\5.9.2\junit-jupiter-params-5.9.2.jar;g:\maven-repo\.m2\repository\org\hamcrest\hamcrest-all\1.3\hamcrest-all-1.3.jar;g:\maven-repo\.m2\repository\org\assertj\assertj-core\3.22.0\assertj-core-3.22.0.jar;g:\maven-repo\.m2\repository\org\mockito\mockito-core\5.2.0\mockito-core-5.2.0.jar;g:\maven-repo\.m2\repository\net\bytebuddy\byte-buddy-agent\1.14.1\byte-buddy-agent-1.14.1.jar;g:\maven-repo\.m2\repository\org\objenesis\objenesis\3.3\objenesis-3.3.jar;g:\maven-repo\.m2\repository\org\mockito\mockito-inline\5.2.0\mockito-inline-5.2.0.jar;g:\maven-repo\.m2\repository\org\jboss\byteman\byteman\4.0.20\byteman-4.0.20.jar;g:\maven-repo\.m2\repository\org\jboss\byteman\byteman-install\4.0.20\byteman-install-4.0.20.jar;g:\maven-repo\.m2\repository\org\jboss\byteman\byteman-bmunit\4.0.20\byteman-bmunit-4.0.20.jar;g:\maven-repo\.m2\repository\org\jboss\byteman\byteman-submit\4.0.20\byteman-submit-4.0.20.jar;g:\maven-repo\.m2\repository\com\experlog\xapool\1.5.0\xapool-1.5.0.jar;g:\maven-repo\.m2\repository\org\jboss\jboss-transaction-spi\8.0.0.Final\jboss-transaction-spi-8.0.0.Final.jar;g:\maven-repo\.m2\repository\org\jboss\narayana\jta\narayana-jta\7.0.0.Final\narayana-jta-7.0.0.Final.jar;g:\maven-repo\.m2\repository\javax\money\money-api\1.0.1\money-api-1.0.1.jar;g:\maven-repo\.m2\repository\org\javamoney\moneta\1.1\moneta-1.1.jar;g:\maven-repo\.m2\repository\javax\annotation\javax.annotation-api\1.2\javax.annotation-api-1.2.jar;g:\maven-repo\.m2\repository\org\apache\logging\log4j\log4j-core\2.17.1\log4j-core-2.17.1.jar;g:\maven-repo\.m2\repository\org\apache\logging\log4j\log4j-api\2.17.1\log4j-api-2.17.1.jar;g:\maven-repo\.m2\repository\org\wildfly\transaction\wildfly-transaction-client-jakarta\2.0.0.Final\wildfly-transaction-client-jakarta-2.0.0.Final.jar;g:\maven-repo\.m2\repository\org\wildfly\common\wildfly-common\1.2.0.Final\wildfly-common-1.2.0.Final.jar;g:\maven-repo\.m2\repository\org\jboss\xnio\xnio-api\3.5.1.Final\xnio-api-3.5.1.Final.jar;g:\maven-repo\.m2\repository\org\wildfly\client\wildfly-client-config\1.0.0.Final\wildfly-client-config-1.0.0.Final.jar;g:\maven-repo\.m2\repository\org\jboss\remoting\jboss-remoting\5.0.0.Final\jboss-remoting-5.0.0.Final.jar;g:\maven-repo\.m2\repository\org\wildfly\security\wildfly-elytron\1.1.0.Final\wildfly-elytron-1.1.0.Final.jar;g:\maven-repo\.m2\repository\org\wildfly\wildfly-naming-client\1.0.4.Final\wildfly-naming-client-1.0.4.Final.jar;g:\maven-repo\.m2\repository\org\jboss\marshalling\jboss-marshalling\2.0.0.Final\jboss-marshalling-2.0.0.Final.jar;g:\maven-repo\.m2\repository\org\jboss\marshalling\jboss-marshalling-river\2.0.0.Final\jboss-marshalling-river-2.0.0.Final.jar;g:\maven-repo\.m2\repository\jakarta\resource\jakarta.resource-api\2.0.0\jakarta.resource-api-2.0.0.jar;g:\maven-repo\.m2\repository\jakarta\annotation\jakarta.annotation-api\2.0.0\jakarta.annotation-api-2.0.0.jar;g:\maven-repo\.m2\repository\com\h2database\h2\2.2.224\h2-2.2.224.jar;g:\maven-repo\.m2\repository\junit\junit\4.13.2\junit-4.13.2.jar;g:\maven-repo\.m2\repository\org\hamcrest\hamcrest-core\1.3\hamcrest-core-1.3.jar;"/>
    <property name="sun.cpu.endian" value="little"/>
    <property name="user.home" value="C:\Users\Hrvoje"/>
    <property name="user.language" value="en"/>
    <property name="java.specification.vendor" value="Oracle Corporation"/>
    <property name="java.version.date" value="2021-09-14"/>
    <property name="java.home" value="C:\Program Files\Java\jdk17"/>
    <property name="file.separator" value="\"/>
    <property name="style.color" value="always"/>
    <property name="basedir" value="E:\projects\hibernate-test-case-templates\orm\hibernate-orm-6"/>
    <property name="java.vm.compressedOopsMode" value="Zero based"/>
    <property name="line.separator" value="&#10;"/>
    <property name="java.vm.specification.vendor" value="Oracle Corporation"/>
    <property name="java.specification.name" value="Java Platform API Specification"/>
    <property name="surefire.real.class.path" value="C:\TMP\HLO\surefire11711440421280442139\surefirebooter-20231010192633811_3.jar"/>
    <property name="user.script" value=""/>
    <property name="sun.management.compiler" value="HotSpot 64-Bit Tiered Compilers"/>
    <property name="java.runtime.version" value="17+35-LTS-2724"/>
    <property name="user.name" value="Hrvoje"/>
    <property name="path.separator" value=";"/>
    <property name="os.version" value="10.0"/>
    <property name="java.runtime.name" value="Java(TM) SE Runtime Environment"/>
    <property name="file.encoding" value="Cp1252"/>
    <property name="java.vm.name" value="Java HotSpot(TM) 64-Bit Server VM"/>
    <property name="localRepository" value="g:\maven-repo\.m2\repository"/>
    <property name="java.vendor.url.bug" value="https://bugreport.java.com/bugreport/"/>
    <property name="java.io.tmpdir" value="C:\TMP\HLO\"/>
    <property name="java.version" value="17"/>
    <property name="user.dir" value="E:\projects\hibernate-test-case-templates\orm\hibernate-orm-6"/>
    <property name="os.arch" value="amd64"/>
    <property name="java.vm.specification.name" value="Java Virtual Machine Specification"/>
    <property name="sun.os.patch.level" value=""/>
    <property name="native.encoding" value="Cp1252"/>
    <property name="java.library.path" value="C:\Program Files\Java\jdk17\bin;C:\WINDOWS\Sun\Java\bin;C:\WINDOWS\system32;C:\WINDOWS;E:/app/sts//plugins/org.eclipse.justj.openjdk.hotspot.jre.full.win32.x86_64_17.0.8.v20230831-1047/jre/bin/server;E:/app/sts//plugins/org.eclipse.justj.openjdk.hotspot.jre.full.win32.x86_64_17.0.8.v20230831-1047/jre/bin;C:\Program Files\Eclipse Adoptium\jdk-17.0.7.7-hotspot\bin;C:\WINDOWS\system32;C:\WINDOWS;C:\WINDOWS\System32\Wbem;C:\WINDOWS\System32\WindowsPowerShell\v1.0\;C:\WINDOWS\System32\OpenSSH\;E:\app\SonarScanner\bin;E:\app\nodejs\;C:\Program Files\dotnet\;C:\Program Files\PuTTY\;C:\Users\Hrvoje\AppData\Local\Microsoft\WindowsApps;C:\Users\Hrvoje\AppData\Local\Microsoft\WindowsApps;C:\Program Files\Java\jdk17\bin;e:\app\maven\bin;E:\app\ffmpeg\bin;C:\Users\Hrvoje\AppData\Roaming\npm;C:\Program Files\MySQL\MySQL Shell 8.0\bin\;C:\Users\Hrvoje\AppData\Local\Programs\Microsoft VS Code\bin;E:\app\php-8.2.8-TS;;E:\app\sts;;."/>
    <property name="java.vm.info" value="mixed mode, sharing"/>
    <property name="java.vendor" value="Oracle Corporation"/>
    <property name="java.vm.version" value="17+35-LTS-2724"/>
    <property name="sun.io.unicode.encoding" value="UnicodeLittle"/>
    <property name="java.class.version" value="61.0"/>
  </properties>
  <testcase name="hhh123Test" classname="org.hibernate.bugs.ORMStandaloneTestCase" time="0.021">
    <system-out><![CDATA[2023-10-10 19:26:35 WARN  CachingRegionFactory:48 - org.hibernate.testing.cache.CachingRegionFactory should be only used for testing.
2023-10-10 19:26:35 INFO  RegionFactoryInitiator:53 - HHH000025: Second-level cache region factory [org.hibernate.testing.cache.CachingRegionFactory]
2023-10-10 19:26:35 WARN  pooling:80 - HHH10001002: Using built-in connection pool (not intended for production use)
2023-10-10 19:26:35 INFO  pooling:135 - HHH10001005: Loaded JDBC driver class: org.h2.Driver
2023-10-10 19:26:35 INFO  pooling:157 - HHH10001012: Connecting with JDBC URL [jdbc:h2:mem:db1;DB_CLOSE_DELAY=-1]
2023-10-10 19:26:35 INFO  pooling:166 - HHH10001001: Connection properties: {password=****, user=sa}
2023-10-10 19:26:35 INFO  pooling:170 - HHH10001003: Autocommit mode: false
2023-10-10 19:26:35 INFO  pooling:366 - HHH10001115: Connection pool size: 5 (min=1)
2023-10-10 19:26:35 WARN  deprecation:152 - HHH90000025: H2Dialect does not need to be specified explicitly using 'hibernate.dialect' (remove the property setting and it will be selected by default)
2023-10-10 19:26:35 INFO  JtaPlatformInitiator:55 - HHH000490: Using JTA platform [org.hibernate.engine.transaction.jta.platform.internal.WildFlyStandAloneJtaPlatform]
]]></system-out>
  </testcase>
</testsuite>